2022-10-28 16:10:46,676 INFO o.a.j.u.JMeterUtils: Setting Locale to en_EN
2022-10-28 16:10:46,696 INFO o.a.j.JMeter: Loading user properties from: user.properties
2022-10-28 16:10:46,696 INFO o.a.j.JMeter: Loading system properties from: system.properties
2022-10-28 16:10:46,702 INFO o.a.j.JMeter: Copyright (c) 1998-2022 The Apache Software Foundation
2022-10-28 16:10:46,702 INFO o.a.j.JMeter: Version 5.5
2022-10-28 16:10:46,702 INFO o.a.j.JMeter: java.version=11.0.16
2022-10-28 16:10:46,702 INFO o.a.j.JMeter: java.vm.name=Java HotSpot(TM) 64-Bit Server VM
2022-10-28 16:10:46,702 INFO o.a.j.JMeter: os.name=Windows 11
2022-10-28 16:10:46,702 INFO o.a.j.JMeter: os.arch=amd64
2022-10-28 16:10:46,702 INFO o.a.j.JMeter: os.version=10.0
2022-10-28 16:10:46,702 INFO o.a.j.JMeter: file.encoding=Cp1252
2022-10-28 16:10:46,702 INFO o.a.j.JMeter: java.awt.headless=null
2022-10-28 16:10:46,702 INFO o.a.j.JMeter: Max memory     =1073741824
2022-10-28 16:10:46,702 INFO o.a.j.JMeter: Available Processors =12
2022-10-28 16:10:46,710 INFO o.a.j.JMeter: Default Locale=English (EN)
2022-10-28 16:10:46,711 INFO o.a.j.JMeter: JMeter  Locale=English (EN)
2022-10-28 16:10:46,711 INFO o.a.j.JMeter: JMeterHome=D:\MBKM\Tugas\Weekly3\apache-jmeter-5.5
2022-10-28 16:10:46,711 INFO o.a.j.JMeter: user.dir  =D:\MBKM\Tugas\Weekly3\apache-jmeter-5.5\bin
2022-10-28 16:10:46,711 INFO o.a.j.JMeter: PWD       =D:\MBKM\Tugas\Weekly3\apache-jmeter-5.5\bin
2022-10-28 16:10:46,712 INFO o.a.j.JMeter: IP: 192.168.10.225 Name: ASUS FullName: ASUS
2022-10-28 16:10:46,725 INFO o.a.j.JMeter: Loaded icon properties from org/apache/jmeter/images/icon.properties
2022-10-28 16:10:46,982 INFO o.a.j.JMeterGuiLauncher: Setting LAF to: com.github.weisj.darklaf.DarkLaf:com.github.weisj.darklaf.theme.DarculaTheme
2022-10-28 16:10:48,937 INFO o.j.r.JARSourceHTTP: Requesting https://jmeter-plugins.org/repo/?installID=windows_11-fa4e4e7baa0e5fdc4dde39a797c3dddd-gui
2022-10-28 16:10:51,910 INFO o.j.r.PluginManager: Plugins Status: [jpgc-plugins-manager=1.8, jmeter-core=5.5, jmeter-ftp=5.5, jmeter-http=5.5, jmeter-jdbc=5.5, jmeter-jms=5.5, jmeter-junit=5.5, jmeter-java=5.5, jmeter-ldap=5.5, jmeter-mail=5.5, jmeter-mongodb=5.5, jmeter-native=5.5, jmeter-tcp=5.5, jmeter-components=5.5]
2022-10-28 16:17:12,953 INFO o.a.j.g.a.t.TemplateManager: Reading templates from: D:\MBKM\Tugas\Weekly3\apache-jmeter-5.5\bin\templates\templates.xml
2022-10-28 16:17:24,665 INFO o.a.j.g.a.Load: Merging file: D:\MBKM\Tugas\Weekly3\apache-jmeter-5.5\bin\templates\BeanShellSampler.jmx
2022-10-28 16:17:24,922 INFO o.a.j.s.SaveService: Testplan (JMX) version: 2.2. Testlog (JTL) version: 2.2
2022-10-28 16:17:24,933 INFO o.a.j.s.SaveService: Using SaveService properties version 5.0
2022-10-28 16:17:24,934 INFO o.a.j.s.SaveService: Using SaveService properties file encoding UTF-8
2022-10-28 16:17:24,935 INFO o.a.j.s.SaveService: Loading file: D:\MBKM\Tugas\Weekly3\apache-jmeter-5.5\bin\templates\BeanShellSampler.jmx
2022-10-28 16:17:25,219 WARN o.a.j.g.a.Load: Unexpected error. org.apache.jmeter.exceptions.IllegalUserActionException: Can't merge BeanShell Sampler (BeanShellSampler) here
org.apache.jmeter.exceptions.IllegalUserActionException: Can't merge BeanShell Sampler (BeanShellSampler) here
	at org.apache.jmeter.gui.action.Load.insertLoadedTree(Load.java:195) ~[ApacheJMeter_core.jar:5.5]
	at org.apache.jmeter.gui.action.Load.loadProjectFile(Load.java:130) ~[ApacheJMeter_core.jar:5.5]
	at org.apache.jmeter.gui.action.SelectTemplatesDialog.replaceTemplateParametersAndLoad(SelectTemplatesDialog.java:195) ~[ApacheJMeter_core.jar:5.5]
	at org.apache.jmeter.gui.action.SelectTemplatesDialog.checkDirtyAndLoad(SelectTemplatesDialog.java:168) ~[ApacheJMeter_core.jar:5.5]
	at org.apache.jmeter.gui.action.SelectTemplatesDialog.actionPerformed(SelectTemplatesDialog.java:306) ~[ApacheJMeter_core.jar:5.5]
	at javax.swing.AbstractButton.fireActionPerformed(AbstractButton.java:1967) ~[?:?]
	at javax.swing.AbstractButton$Handler.actionPerformed(AbstractButton.java:2308) ~[?:?]
	at javax.swing.DefaultButtonModel.fireActionPerformed(DefaultButtonModel.java:405) ~[?:?]
	at javax.swing.DefaultButtonModel.setPressed(DefaultButtonModel.java:262) ~[?:?]
	at javax.swing.plaf.basic.BasicButtonListener.mouseReleased(BasicButtonListener.java:279) ~[?:?]
	at com.github.weisj.darklaf.ui.button.DarkButtonListener.mouseReleased(DarkButtonListener.java:72) ~[darklaf-core-2.7.3.jar:2.7.3]
	at java.awt.Component.processMouseEvent(Component.java:6635) ~[?:?]
	at javax.swing.JComponent.processMouseEvent(JComponent.java:3342) ~[?:?]
	at java.awt.Component.processEvent(Component.java:6400) ~[?:?]
	at java.awt.Container.processEvent(Container.java:2263) ~[?:?]
	at java.awt.Component.dispatchEventImpl(Component.java:5011) ~[?:?]
	at java.awt.Container.dispatchEventImpl(Container.java:2321) ~[?:?]
	at java.awt.Component.dispatchEvent(Component.java:4843) ~[?:?]
	at java.awt.LightweightDispatcher.retargetMouseEvent(Container.java:4918) ~[?:?]
	at java.awt.LightweightDispatcher.processMouseEvent(Container.java:4547) ~[?:?]
	at java.awt.LightweightDispatcher.dispatchEvent(Container.java:4488) ~[?:?]
	at java.awt.Container.dispatchEventImpl(Container.java:2307) ~[?:?]
	at java.awt.Window.dispatchEventImpl(Window.java:2772) ~[?:?]
	at java.awt.Component.dispatchEvent(Component.java:4843) ~[?:?]
	at java.awt.EventQueue.dispatchEventImpl(EventQueue.java:772) ~[?:?]
	at java.awt.EventQueue$4.run(EventQueue.java:721) ~[?:?]
	at java.awt.EventQueue$4.run(EventQueue.java:715) ~[?:?]
	at java.security.AccessController.doPrivileged(Native Method) ~[?:?]
	at java.security.ProtectionDomain$JavaSecurityAccessImpl.doIntersectionPrivilege(ProtectionDomain.java:85) ~[?:?]
	at java.security.ProtectionDomain$JavaSecurityAccessImpl.doIntersectionPrivilege(ProtectionDomain.java:95) ~[?:?]
	at java.awt.EventQueue$5.run(EventQueue.java:745) ~[?:?]
	at java.awt.EventQueue$5.run(EventQueue.java:743) ~[?:?]
	at java.security.AccessController.doPrivileged(Native Method) ~[?:?]
	at java.security.ProtectionDomain$JavaSecurityAccessImpl.doIntersectionPrivilege(ProtectionDomain.java:85) ~[?:?]
	at java.awt.EventQueue.dispatchEvent(EventQueue.java:742) ~[?:?]
	at java.awt.EventDispatchThread.pumpOneEventForFilters(EventDispatchThread.java:203) ~[?:?]
	at java.awt.EventDispatchThread.pumpEventsForFilter(EventDispatchThread.java:124) ~[?:?]
	at java.awt.EventDispatchThread.pumpEventsForFilter(EventDispatchThread.java:117) ~[?:?]
	at java.awt.WaitDispatchSupport$2.run(WaitDispatchSupport.java:190) ~[?:?]
	at java.awt.WaitDispatchSupport$4.run(WaitDispatchSupport.java:235) ~[?:?]
	at java.awt.WaitDispatchSupport$4.run(WaitDispatchSupport.java:233) ~[?:?]
	at java.security.AccessController.doPrivileged(Native Method) ~[?:?]
	at java.awt.WaitDispatchSupport.enter(WaitDispatchSupport.java:233) ~[?:?]
	at java.awt.Dialog.show(Dialog.java:1070) ~[?:?]
	at java.awt.Component.show(Component.java:1716) ~[?:?]
	at java.awt.Component.setVisible(Component.java:1663) ~[?:?]
	at java.awt.Window.setVisible(Window.java:1031) ~[?:?]
	at java.awt.Dialog.setVisible(Dialog.java:1005) ~[?:?]
	at org.apache.jmeter.gui.action.TemplatesCommand.doActionAfterCheck(TemplatesCommand.java:47) ~[ApacheJMeter_core.jar:5.5]
	at org.apache.jmeter.gui.action.AbstractActionWithNoRunningTest.doAction(AbstractActionWithNoRunningTest.java:44) ~[ApacheJMeter_core.jar:5.5]
	at org.apache.jmeter.gui.action.ActionRouter.performAction(ActionRouter.java:87) ~[ApacheJMeter_core.jar:5.5]
	at org.apache.jmeter.gui.action.ActionRouter.lambda$actionPerformed$0(ActionRouter.java:69) ~[ApacheJMeter_core.jar:5.5]
	at java.awt.event.InvocationEvent.dispatch(InvocationEvent.java:313) ~[?:?]
	at java.awt.EventQueue.dispatchEventImpl(EventQueue.java:770) ~[?:?]
	at java.awt.EventQueue$4.run(EventQueue.java:721) ~[?:?]
	at java.awt.EventQueue$4.run(EventQueue.java:715) ~[?:?]
	at java.security.AccessController.doPrivileged(Native Method) ~[?:?]
	at java.security.ProtectionDomain$JavaSecurityAccessImpl.doIntersectionPrivilege(ProtectionDomain.java:85) ~[?:?]
	at java.awt.EventQueue.dispatchEvent(EventQueue.java:740) ~[?:?]
	at java.awt.EventDispatchThread.pumpOneEventForFilters(EventDispatchThread.java:203) ~[?:?]
	at java.awt.EventDispatchThread.pumpEventsForFilter(EventDispatchThread.java:124) ~[?:?]
	at java.awt.EventDispatchThread.pumpEventsForHierarchy(EventDispatchThread.java:113) ~[?:?]
	at java.awt.EventDispatchThread.pumpEvents(EventDispatchThread.java:109) ~[?:?]
	at java.awt.EventDispatchThread.pumpEvents(EventDispatchThread.java:101) ~[?:?]
	at java.awt.EventDispatchThread.run(EventDispatchThread.java:90) ~[?:?]
2022-10-28 16:17:25,235 ERROR o.a.j.u.JMeterUtils: Can't merge BeanShell Sampler (BeanShellSampler) here
2022-10-28 16:26:07,678 INFO o.a.j.g.a.Load: Loading file: C:\Users\ASUS\AppData\Local\Temp\Recording9145693916343764418.output
2022-10-28 16:26:07,679 INFO o.a.j.s.SaveService: Loading file: C:\Users\ASUS\AppData\Local\Temp\Recording9145693916343764418.output
2022-10-28 16:26:07,696 INFO o.a.j.p.h.c.CookieManager: Settings: Delete null: true Check: true Allow variable: true Save: false Prefix: COOKIE_
2022-10-28 16:26:08,695 INFO o.a.j.e.KeyToolUtils: keytool found at 'keytool'
2022-10-28 16:26:08,695 INFO o.a.j.p.h.p.ProxyControl: HTTP(S) Test Script Recorder SSL Proxy will use keys that support embedded 3rd party resources in file D:\MBKM\Tugas\Weekly3\apache-jmeter-5.5\bin\proxyserver.jks
2022-10-28 16:26:08,721 INFO o.a.j.p.h.s.HTTPSamplerBase: Parser for text/html is org.apache.jmeter.protocol.http.parser.LagartoBasedHtmlParser
2022-10-28 16:26:08,721 INFO o.a.j.p.h.s.HTTPSamplerBase: Parser for application/xhtml+xml is org.apache.jmeter.protocol.http.parser.LagartoBasedHtmlParser
2022-10-28 16:26:08,721 INFO o.a.j.p.h.s.HTTPSamplerBase: Parser for application/xml is org.apache.jmeter.protocol.http.parser.LagartoBasedHtmlParser
2022-10-28 16:26:08,721 INFO o.a.j.p.h.s.HTTPSamplerBase: Parser for text/xml is org.apache.jmeter.protocol.http.parser.LagartoBasedHtmlParser
2022-10-28 16:26:08,721 INFO o.a.j.p.h.s.HTTPSamplerBase: Parser for text/vnd.wap.wml is org.apache.jmeter.protocol.http.parser.RegexpHTMLParser
2022-10-28 16:26:08,721 INFO o.a.j.p.h.s.HTTPSamplerBase: Parser for text/css is org.apache.jmeter.protocol.http.parser.CssParser
2022-10-28 16:26:08,819 INFO o.a.j.s.SampleResult: Note: Sample TimeStamps are START times
2022-10-28 16:26:08,819 INFO o.a.j.s.SampleResult: sampleresult.default.encoding is set to ISO-8859-1
2022-10-28 16:26:08,819 INFO o.a.j.s.SampleResult: sampleresult.useNanoTime=true
2022-10-28 16:26:08,819 INFO o.a.j.s.SampleResult: sampleresult.nanoThreadSleep=5000
2022-10-28 16:26:09,006 INFO o.a.j.v.ViewResultsFullVisualizer: Add JavaFX to your Java installation if you want to use renderer: org.apache.jmeter.visualizers.RenderInBrowser
2022-10-28 16:26:09,138 INFO o.a.j.v.ViewResultsFullVisualizer: Add JavaFX to your Java installation if you want to use renderer: org.apache.jmeter.visualizers.RenderInBrowser
2022-10-28 16:28:18,265 INFO o.a.j.e.u.CompoundVariable: Note: Function class names must contain the string: '.functions.'
2022-10-28 16:28:18,266 INFO o.a.j.e.u.CompoundVariable: Note: Function class names must not contain the string: '.gui.'
2022-10-28 16:28:18,576 INFO o.a.j.p.h.p.ProxyControl: Creating HTTP(S) Test Script Recorder Root CA in D:\MBKM\Tugas\Weekly3\apache-jmeter-5.5\bin\proxyserver.jks, ensure you install certificate in your Browser for recording
2022-10-28 16:28:23,965 INFO o.a.j.p.h.p.ProxyControl: Created keystore in D:\MBKM\Tugas\Weekly3\apache-jmeter-5.5\bin\proxyserver.jks
2022-10-28 16:28:24,091 INFO o.a.j.s.FileServer: Default base='D:\MBKM\Tugas\Weekly3\apache-jmeter-5.5\bin'
2022-10-28 16:28:24,100 INFO o.a.j.p.h.p.Daemon: Creating Daemon Socket on port: 8888
2022-10-28 16:28:24,102 INFO o.a.j.p.h.p.Daemon: Test Script Recorder up and running!
2022-10-28 16:43:47,044 INFO o.a.j.p.h.p.Proxy: Proxy will remove the headers: If-Modified-Since,If-None-Match,Host
2022-10-28 16:43:47,283 INFO o.a.j.p.h.s.HTTPHCAbstractImpl: Local host = ASUS
2022-10-28 16:43:47,317 INFO o.a.j.p.h.s.HTTPHC4Impl: HTTP request retry count = 0
2022-10-28 16:43:48,168 INFO o.a.j.s.SampleEvent: List of sample_variables: []
2022-10-28 16:43:48,341 INFO o.a.j.p.h.p.ProxyControl: Add sample -1 into controller 
2022-10-28 16:43:50,213 INFO o.a.j.p.h.p.ProxyControl: Add sample -2 into controller 
2022-10-28 16:43:50,422 INFO o.a.j.p.h.p.ProxyControl: Add sample -3 into controller 
2022-10-28 16:53:45,256 INFO o.a.j.v.ViewResultsFullVisualizer: Add JavaFX to your Java installation if you want to use renderer: org.apache.jmeter.visualizers.RenderInBrowser
2022-10-28 16:54:58,701 INFO o.a.j.p.h.p.ProxyControl: Add sample -4 into controller 
2022-10-28 16:54:59,713 INFO o.a.j.p.h.p.ProxyControl: Add sample -5 into controller 
2022-10-28 16:55:11,450 INFO o.a.j.p.h.p.Daemon: HTTP(S) Test Script Recorder stopped
2022-10-28 16:55:14,997 INFO o.a.j.p.h.p.ProxyControl: Valid alias found for :root_ca:
2022-10-28 16:55:14,997 INFO o.a.j.p.h.p.ProxyControl: Valid alias found for :intermediate_ca:
2022-10-28 16:55:14,998 INFO o.a.j.p.h.p.Daemon: Creating Daemon Socket on port: 8888
2022-10-28 16:55:15,001 INFO o.a.j.p.h.p.Daemon: Test Script Recorder up and running!
2022-10-28 16:56:00,407 INFO o.a.j.p.h.p.Daemon: HTTP(S) Test Script Recorder stopped
2022-10-28 16:56:32,137 INFO o.a.j.r.ResultCollector: Shutdown hook started
2022-10-28 16:56:32,137 INFO o.a.j.r.ResultCollector: Shutdown hook ended
